<?xml version="1.0" encoding="UTF-8"?>
<!-- Generated by org.testng.reporters.JUnitReportReporter -->
<testsuite hostname="Pattys-Predator" failures="0" tests="2" name="com.maven.MavenTest" time="0.005" errors="0" timestamp="05 Dec 2018 01:19:22 GMT" skipped="0">
  <testcase classname="com.maven.MavenTest" name="hello" time="0.001"/>
  <testcase classname="com.maven.MavenTest" name="hello" time="0.004"/>
</testsuite> <!-- com.maven.MavenTest -->
